Using pre-set license
Built from '2020.2/staging' branch; Version is '2020.2.5f1 (e2c53f129de5) revision 14861631'; Using compiler version '192528614'; Build Type 'Release'
OS: 'Windows 10 Pro; OS build 19043.1237; Version 2009; 64bit' Language: 'en' Physical Memory: 32718 MB
BatchMode: 1, IsHumanControllingUs: 0, StartBugReporterOnCrash: 0, Is64bit: 1, IsPro: 0

 COMMAND LINE ARGUMENTS:
D:\Unity\2020.2.5f1\Editor\Unity.exe
-adb2
-batchMode
-noUpm
-name
AssetImportWorker0
-projectPath
D:/unitygames/perlin noise test
-logFile
Logs/AssetImportWorker0.log
-srvPort
5394
Successfully changed project path to: D:/unitygames/perlin noise test
D:/unitygames/perlin noise test
Using Asset Import Pipeline V2.
Refreshing native plugins compatible for Editor in 19.48 ms, found 0 plugins.
Preloading 0 native plugins for Editor in 0.00 ms.
Initialize engine version: 2020.2.5f1 (e2c53f129de5)
[Subsystems] Discovering subsystems at path D:/Unity/2020.2.5f1/Editor/Data/Resources/UnitySubsystems
[Subsystems] Discovering subsystems at path D:/unitygames/perlin noise test/Assets
GfxDevice: creating device client; threaded=0
Direct3D:
    Version:  Direct3D 11.0 [level 11.1]
    Renderer: NVIDIA GeForce RTX 3060 (ID=0x2503)
    Vendor:   
    VRAM:     12143 MB
    Driver:   30.0.14.9649
Initialize mono
Mono path[0] = 'D:/Unity/2020.2.5f1/Editor/Data/Managed'
Mono path[1] = 'D:/Unity/2020.2.5f1/Editor/Data/MonoBleedingEdge/lib/mono/unityjit'
Mono config path = 'D:/Unity/2020.2.5f1/Editor/Data/MonoBleedingEdge/etc'
Using monoOptions --debugger-agent=transport=dt_socket,embedding=1,server=y,suspend=n,address=127.0.0.1:56964
Begin MonoManager ReloadAssembly
Registering precompiled unity dll's ...
Register platform support module: D:/Unity/2020.2.5f1/Editor/Data/PlaybackEngines/WindowsStandaloneSupport/UnityEditor.WindowsStandalone.Extensions.dll
Registered in 0.001110 seconds.
Native extension for WindowsStandalone target not found
Refreshing native plugins compatible for Editor in 19.91 ms, found 0 plugins.
Preloading 0 native plugins for Editor in 0.00 ms.
Invoked RoslynAnalysisRunner static constructor.
RoslynAnalysisRunner will not be running.
RoslynAnalysisRunner has terminated.
Mono: successfully reloaded assembly
- Completed reload, in  2.369 seconds
Platform modules already initialized, skipping
Registering precompiled user dll's ...
Registered in 0.000526 seconds.
Begin MonoManager ReloadAssembly
Native extension for WindowsStandalone target not found
Refreshing native plugins compatible for Editor in 0.25 ms, found 0 plugins.
Preloading 0 native plugins for Editor in 0.00 ms.
Invoked RoslynAnalysisRunner static constructor.
RoslynAnalysisRunner will not be running.
RoslynAnalysisRunner has terminated.
Mono: successfully reloaded assembly
- Completed reload, in  0.670 seconds
Platform modules already initialized, skipping
========================================================================
Worker process is ready to serve import requests
Launched and connected shader compiler UnityShaderCompiler.exe after 0.04 seconds
Refreshing native plugins compatible for Editor in 0.24 ms, found 0 plugins.
Preloading 0 native plugins for Editor in 0.00 ms.
Unloading 1121 Unused Serialized files (Serialized files now loaded: 0)
System memory in use before: 58.8 MB.
System memory in use after: 58.8 MB.

Unloading 10 unused Assets to reduce memory usage. Loaded Objects now: 1564.
Total: 1.637200 ms (FindLiveObjects: 0.204000 ms CreateObjectMapping: 0.027300 ms MarkObjects: 1.330500 ms  DeleteObjects: 0.074500 ms)

========================================================================
Received Import Request.
  path: Assets/TextureOutput/R_13270.png
  artifactKey: Guid(42b0de33ae3a05440bb70f8a41f78b45) Importer(815301076,1909f56bfc062723c751e8b465ee728b)
Start importing Assets/TextureOutput/R_13270.png using Guid(42b0de33ae3a05440bb70f8a41f78b45) Importer(815301076,1909f56bfc062723c751e8b465ee728b)  -> (artifact id: '1fd05f4eee1585fba36f24f16be47aa4') in 0.068955 seconds
  Import took 0.070866 seconds .

========================================================================
Received Import Request.
  Time since last request: 1999.102168 seconds.
  path: Assets/TextureOutput/R_38375.png
  artifactKey: Guid(01246e316d77d024a818cf157347b745) Importer(815301076,1909f56bfc062723c751e8b465ee728b)
Start importing Assets/TextureOutput/R_38375.png using Guid(01246e316d77d024a818cf157347b745) Importer(815301076,1909f56bfc062723c751e8b465ee728b)  -> (artifact id: '1d47275a5f4518e8299a3d000c8a6c6a') in 0.015358 seconds
  Import took 0.017622 seconds .

========================================================================
Received Import Request.
  Time since last request: 20.212565 seconds.
  path: Assets/TextureOutput/R_11229.png
  artifactKey: Guid(6c80f338b03fa3042aa2350c926b36a4) Importer(815301076,1909f56bfc062723c751e8b465ee728b)
Start importing Assets/TextureOutput/R_11229.png using Guid(6c80f338b03fa3042aa2350c926b36a4) Importer(815301076,1909f56bfc062723c751e8b465ee728b)  -> (artifact id: 'a66df1026793e475e6ab9397455f9774') in 0.014970 seconds
  Import took 0.017006 seconds .

========================================================================
Received Import Request.
  Time since last request: 345.548647 seconds.
  path: Assets/TextureOutput/R_88204.png
  artifactKey: Guid(e153174e044a191459d21f0ecd72a494) Importer(815301076,1909f56bfc062723c751e8b465ee728b)
Start importing Assets/TextureOutput/R_88204.png using Guid(e153174e044a191459d21f0ecd72a494) Importer(815301076,1909f56bfc062723c751e8b465ee728b)  -> (artifact id: 'b47b6a098fed413a2ccac430043fe160') in 0.012603 seconds
  Import took 0.024577 seconds .

========================================================================
Received Import Request.
  Time since last request: 186.143530 seconds.
  path: Assets/TextureOutput/R_98012.png
  artifactKey: Guid(c2efe5fad22fcd942ae848e019e08421) Importer(815301076,1909f56bfc062723c751e8b465ee728b)
Start importing Assets/TextureOutput/R_98012.png using Guid(c2efe5fad22fcd942ae848e019e08421) Importer(815301076,1909f56bfc062723c751e8b465ee728b)  -> (artifact id: '2e2b5f4c17ae1e0673769b81fbafff24') in 0.022147 seconds
  Import took 0.024203 seconds .

========================================================================
Received Import Request.
  Time since last request: 630.372240 seconds.
  path: Assets/TextureOutput/R_26664.png
  artifactKey: Guid(d9aa023bd6426cb41a7abaa2cf670b39) Importer(815301076,1909f56bfc062723c751e8b465ee728b)
Start importing Assets/TextureOutput/R_26664.png using Guid(d9aa023bd6426cb41a7abaa2cf670b39) Importer(815301076,1909f56bfc062723c751e8b465ee728b)  -> (artifact id: 'c51ebc6a71d61fb932c3032bd9009dfc') in 0.013675 seconds
  Import took 0.016231 seconds .

========================================================================
Received Import Request.
  Time since last request: 323.071837 seconds.
  path: Assets/TextureOutput/R_46061.png
  artifactKey: Guid(32e985cc2710b6a4b83fac3a417f66ca) Importer(815301076,1909f56bfc062723c751e8b465ee728b)
Start importing Assets/TextureOutput/R_46061.png using Guid(32e985cc2710b6a4b83fac3a417f66ca) Importer(815301076,1909f56bfc062723c751e8b465ee728b)  -> (artifact id: '0fcf9c916ccdf9670b7d50d3dcd8acc5') in 0.015304 seconds
  Import took 0.017621 seconds .

========================================================================
Received Import Request.
  Time since last request: 308.309521 seconds.
  path: Assets/TextureOutput/R_28614.png
  artifactKey: Guid(d6534e6705316d446981af965b8df479) Importer(815301076,1909f56bfc062723c751e8b465ee728b)
Start importing Assets/TextureOutput/R_28614.png using Guid(d6534e6705316d446981af965b8df479) Importer(815301076,1909f56bfc062723c751e8b465ee728b)  -> (artifact id: '980f68156b9444d91cdb8ac1fd249527') in 0.037773 seconds
  Import took 0.040293 seconds .

========================================================================
Received Import Request.
  Time since last request: 357.427157 seconds.
  path: Assets/TextureOutput/R_11349.png
  artifactKey: Guid(c23d61df0870b06449e286a05f6b506f) Importer(815301076,1909f56bfc062723c751e8b465ee728b)
Start importing Assets/TextureOutput/R_11349.png using Guid(c23d61df0870b06449e286a05f6b506f) Importer(815301076,1909f56bfc062723c751e8b465ee728b)  -> (artifact id: '1e29c698d17db650e322f6b2520332d8') in 0.015902 seconds
  Import took 0.018496 seconds .

========================================================================
Received Import Request.
  Time since last request: 1102.666806 seconds.
  path: Assets/TextureOutput/R_38672.png
  artifactKey: Guid(059953e4435561b40aeb4cb5d64f7f30) Importer(815301076,1909f56bfc062723c751e8b465ee728b)
Start importing Assets/TextureOutput/R_38672.png using Guid(059953e4435561b40aeb4cb5d64f7f30) Importer(815301076,1909f56bfc062723c751e8b465ee728b)  -> (artifact id: '0a66ff0d91cb4248ce841bd86f974e50') in 0.012796 seconds
  Import took 0.015306 seconds .

========================================================================
Received Import Request.
  Time since last request: 100.533972 seconds.
  path: Assets/TextureOutput/R_36800.png
  artifactKey: Guid(ea08a3b1c0400f24ca0e95583a78a99d) Importer(815301076,1909f56bfc062723c751e8b465ee728b)
Start importing Assets/TextureOutput/R_36800.png using Guid(ea08a3b1c0400f24ca0e95583a78a99d) Importer(815301076,1909f56bfc062723c751e8b465ee728b)  -> (artifact id: '6e604eb30ef90360508bf64a48e0ab73') in 0.010584 seconds
  Import took 0.012645 seconds .

========================================================================
Received Import Request.
  Time since last request: 43.297108 seconds.
  path: Assets/TextureOutput/R_23251.png
  artifactKey: Guid(e6146e37de920ef428785026dba71f16) Importer(815301076,1909f56bfc062723c751e8b465ee728b)
Start importing Assets/TextureOutput/R_23251.png using Guid(e6146e37de920ef428785026dba71f16) Importer(815301076,1909f56bfc062723c751e8b465ee728b)  -> (artifact id: '162c0b9602467074ce27dcfe06ea0e3d') in 0.012499 seconds
  Import took 0.014725 seconds .

========================================================================
Received Import Request.
  Time since last request: 88.566275 seconds.
  path: Assets/TextureOutput/R_33864.png
  artifactKey: Guid(48a01396fa8997a4790c2b5734b7e3c6) Importer(815301076,1909f56bfc062723c751e8b465ee728b)
Start importing Assets/TextureOutput/R_33864.png using Guid(48a01396fa8997a4790c2b5734b7e3c6) Importer(815301076,1909f56bfc062723c751e8b465ee728b)  -> (artifact id: '43a5f3f6437790940db007b7bc33b316') in 0.011617 seconds
  Import took 0.013987 seconds .

========================================================================
Received Import Request.
  Time since last request: 168.770781 seconds.
  path: Assets/TextureOutput/885547612_Gray.png
  artifactKey: Guid(059953e4435561b40aeb4cb5d64f7f30) Importer(815301076,1909f56bfc062723c751e8b465ee728b)
Start importing Assets/TextureOutput/885547612_Gray.png using Guid(059953e4435561b40aeb4cb5d64f7f30) Importer(815301076,1909f56bfc062723c751e8b465ee728b)  -> (artifact id: '9d4a4535f0ecc5170d367c8a3cf4568a') in 0.017205 seconds
  Import took 0.019378 seconds .

========================================================================
Received Import Request.
  Time since last request: 6.522804 seconds.
  path: Assets/TextureOutput/885547612_Green.png
  artifactKey: Guid(48a01396fa8997a4790c2b5734b7e3c6) Importer(815301076,1909f56bfc062723c751e8b465ee728b)
Start importing Assets/TextureOutput/885547612_Green.png using Guid(48a01396fa8997a4790c2b5734b7e3c6) Importer(815301076,1909f56bfc062723c751e8b465ee728b)  -> (artifact id: '37ca91051366cb6ed3441c74027a04fc') in 0.014438 seconds
  Import took 0.016790 seconds .

========================================================================
Received Prepare
Registering precompiled user dll's ...
Registered in 0.000614 seconds.
Begin MonoManager ReloadAssembly
Native extension for WindowsStandalone target not found
Refreshing native plugins compatible for Editor in 0.23 ms, found 0 plugins.
Preloading 0 native plugins for Editor in 0.00 ms.
Invoked RoslynAnalysisRunner static constructor.
RoslynAnalysisRunner will not be running.
RoslynAnalysisRunner has terminated.
Mono: successfully reloaded assembly
- Completed reload, in  0.645 seconds
Platform modules already initialized, skipping
Refreshing native plugins compatible for Editor in 0.24 ms, found 0 plugins.
Preloading 0 native plugins for Editor in 0.00 ms.
Unloading 1103 Unused Serialized files (Serialized files now loaded: 0)
System memory in use before: 57.7 MB.
System memory in use after: 57.8 MB.

Unloading 5 unused Assets to reduce memory usage. Loaded Objects now: 1568.
Total: 1.881600 ms (FindLiveObjects: 0.257300 ms CreateObjectMapping: 0.040500 ms MarkObjects: 1.511700 ms  DeleteObjects: 0.070900 ms)

========================================================================
Received Prepare
Registering precompiled user dll's ...
Registered in 0.000678 seconds.
Begin MonoManager ReloadAssembly
Native extension for WindowsStandalone target not found
Refreshing native plugins compatible for Editor in 0.27 ms, found 0 plugins.
Preloading 0 native plugins for Editor in 0.00 ms.
Invoked RoslynAnalysisRunner static constructor.
RoslynAnalysisRunner will not be running.
RoslynAnalysisRunner has terminated.
Mono: successfully reloaded assembly
- Completed reload, in  0.668 seconds
Platform modules already initialized, skipping
Refreshing native plugins compatible for Editor in 0.24 ms, found 0 plugins.
Preloading 0 native plugins for Editor in 0.00 ms.
Unloading 1103 Unused Serialized files (Serialized files now loaded: 0)
System memory in use before: 57.7 MB.
System memory in use after: 57.8 MB.

Unloading 5 unused Assets to reduce memory usage. Loaded Objects now: 1570.
Total: 2.281000 ms (FindLiveObjects: 0.177900 ms CreateObjectMapping: 0.025900 ms MarkObjects: 2.002600 ms  DeleteObjects: 0.073000 ms)

========================================================================
Received Prepare
Registering precompiled user dll's ...
Registered in 0.000605 seconds.
Begin MonoManager ReloadAssembly
Native extension for WindowsStandalone target not found
Refreshing native plugins compatible for Editor in 0.24 ms, found 0 plugins.
Preloading 0 native plugins for Editor in 0.00 ms.
Invoked RoslynAnalysisRunner static constructor.
RoslynAnalysisRunner will not be running.
RoslynAnalysisRunner has terminated.
Mono: successfully reloaded assembly
- Completed reload, in  0.661 seconds
Platform modules already initialized, skipping
Refreshing native plugins compatible for Editor in 0.23 ms, found 0 plugins.
Preloading 0 native plugins for Editor in 0.00 ms.
Unloading 1103 Unused Serialized files (Serialized files now loaded: 0)
System memory in use before: 57.7 MB.
System memory in use after: 57.8 MB.

Unloading 5 unused Assets to reduce memory usage. Loaded Objects now: 1572.
Total: 1.555700 ms (FindLiveObjects: 0.181900 ms CreateObjectMapping: 0.026000 ms MarkObjects: 1.286900 ms  DeleteObjects: 0.058800 ms)

========================================================================
Received Import Request.
  Time since last request: 472.170566 seconds.
  path: Assets/TextureOutput/Green_9376.png
  artifactKey: Guid(986a67ddcdfafab479497bd6d1899538) Importer(815301076,1909f56bfc062723c751e8b465ee728b)
Start importing Assets/TextureOutput/Green_9376.png using Guid(986a67ddcdfafab479497bd6d1899538) Importer(815301076,1909f56bfc062723c751e8b465ee728b)  -> (artifact id: 'b3fd48e84d6c0a5d41ad06c215b0eab5') in 0.033825 seconds
  Import took 0.035955 seconds .

========================================================================
Received Import Request.
  Time since last request: 0.000170 seconds.
  path: Assets/TextureOutput/Green_33544.png
  artifactKey: Guid(76c7c9fd4455e2d4b8c61ac2b5a9665d) Importer(815301076,1909f56bfc062723c751e8b465ee728b)
Start importing Assets/TextureOutput/Green_33544.png using Guid(76c7c9fd4455e2d4b8c61ac2b5a9665d) Importer(815301076,1909f56bfc062723c751e8b465ee728b)  -> (artifact id: '4294b835098ead3d6d25f80828880b29') in 0.025301 seconds
  Import took 0.027051 seconds .

========================================================================
Received Import Request.
  Time since last request: 0.000184 seconds.
  path: Assets/TextureOutput/Green_48829.png
  artifactKey: Guid(ff756963830a0ac41863f63189d19a60) Importer(815301076,1909f56bfc062723c751e8b465ee728b)
Start importing Assets/TextureOutput/Green_48829.png using Guid(ff756963830a0ac41863f63189d19a60) Importer(815301076,1909f56bfc062723c751e8b465ee728b)  -> (artifact id: '3405ece8a9c0066fbda3cdd9554fa8c1') in 0.017434 seconds
  Import took 0.019190 seconds .

========================================================================
Received Import Request.
  Time since last request: 0.000185 seconds.
  path: Assets/TextureOutput/Green_35728.png
  artifactKey: Guid(12a8eafc41016224697559c4c49b9a24) Importer(815301076,1909f56bfc062723c751e8b465ee728b)
Start importing Assets/TextureOutput/Green_35728.png using Guid(12a8eafc41016224697559c4c49b9a24) Importer(815301076,1909f56bfc062723c751e8b465ee728b)  -> (artifact id: 'a98af6f4470536bac585eb1856e840f1') in 0.010641 seconds
  Import took 0.012366 seconds .

========================================================================
Received Import Request.
  Time since last request: 0.000209 seconds.
  path: Assets/TextureOutput/Green_63855.png
  artifactKey: Guid(c9a120d763c76b349a52fc1bd3f1b92c) Importer(815301076,1909f56bfc062723c751e8b465ee728b)
Start importing Assets/TextureOutput/Green_63855.png using Guid(c9a120d763c76b349a52fc1bd3f1b92c) Importer(815301076,1909f56bfc062723c751e8b465ee728b)  -> (artifact id: '603d9c04764c0280a588c69527805014') in 0.010123 seconds
  Import took 0.011869 seconds .

========================================================================
Received Import Request.
  Time since last request: 0.000151 seconds.
  path: Assets/TextureOutput/Green_93504.png
  artifactKey: Guid(7d1f5acb5aa72a548aac789e3488133b) Importer(815301076,1909f56bfc062723c751e8b465ee728b)
Start importing Assets/TextureOutput/Green_93504.png using Guid(7d1f5acb5aa72a548aac789e3488133b) Importer(815301076,1909f56bfc062723c751e8b465ee728b)  -> (artifact id: 'ac481fa95cabe42d8979c3c6c6e4cbdb') in 0.012804 seconds
  Import took 0.014606 seconds .

========================================================================
Received Import Request.
  Time since last request: 0.000208 seconds.
  path: Assets/TextureOutput/Green_17476.png
  artifactKey: Guid(15d6b6a875c8fd74c980f47c0ec1f8a2) Importer(815301076,1909f56bfc062723c751e8b465ee728b)
Start importing Assets/TextureOutput/Green_17476.png using Guid(15d6b6a875c8fd74c980f47c0ec1f8a2) Importer(815301076,1909f56bfc062723c751e8b465ee728b)  -> (artifact id: 'ec10b1d0ad761dca56217883f0656c01') in 0.010464 seconds
  Import took 0.012521 seconds .

========================================================================
Received Import Request.
  Time since last request: 0.000150 seconds.
  path: Assets/TextureOutput/Green_17702.png
  artifactKey: Guid(c112f8b7574a42e41b82c76af128d49e) Importer(815301076,1909f56bfc062723c751e8b465ee728b)
Start importing Assets/TextureOutput/Green_17702.png using Guid(c112f8b7574a42e41b82c76af128d49e) Importer(815301076,1909f56bfc062723c751e8b465ee728b)  -> (artifact id: '0c8208e5683a3ba8d4c1b9b0897c3f10') in 0.012977 seconds
  Import took 0.014627 seconds .

========================================================================
Received Import Request.
  Time since last request: 0.000216 seconds.
  path: Assets/TextureOutput/Green_46068.png
  artifactKey: Guid(c832bd386c0a8794db7f542f9b3f9f1b) Importer(815301076,1909f56bfc062723c751e8b465ee728b)
Start importing Assets/TextureOutput/Green_46068.png using Guid(c832bd386c0a8794db7f542f9b3f9f1b) Importer(815301076,1909f56bfc062723c751e8b465ee728b)  -> (artifact id: 'dba4408d16289c951665d18d39752774') in 0.010790 seconds
  Import took 0.012920 seconds .

========================================================================
Received Import Request.
  Time since last request: 0.000201 seconds.
  path: Assets/TextureOutput/Green_93862.png
  artifactKey: Guid(4d7ec7dfdb720fe47bd340a2b9bb4cb6) Importer(815301076,1909f56bfc062723c751e8b465ee728b)
Start importing Assets/TextureOutput/Green_93862.png using Guid(4d7ec7dfdb720fe47bd340a2b9bb4cb6) Importer(815301076,1909f56bfc062723c751e8b465ee728b)  -> (artifact id: '4eb5e581ee0ec0e9c0929f02ff04eed1') in 0.011627 seconds
  Import took 0.013437 seconds .

========================================================================
Received Import Request.
  Time since last request: 0.000220 seconds.
  path: Assets/TextureOutput/Green_72217.png
  artifactKey: Guid(b4127950c8442314f953ebf212bafbc3) Importer(815301076,1909f56bfc062723c751e8b465ee728b)
Start importing Assets/TextureOutput/Green_72217.png using Guid(b4127950c8442314f953ebf212bafbc3) Importer(815301076,1909f56bfc062723c751e8b465ee728b)  -> (artifact id: 'c52cb91ef7bca382b8e8f665ff3ba4e4') in 0.011324 seconds
  Import took 0.013270 seconds .

========================================================================
Received Import Request.
  Time since last request: 0.000180 seconds.
  path: Assets/TextureOutput/Green_76902.png
  artifactKey: Guid(6df9039ef8f2ebe44abbbdaaa07cfc9f) Importer(815301076,1909f56bfc062723c751e8b465ee728b)
Start importing Assets/TextureOutput/Green_76902.png using Guid(6df9039ef8f2ebe44abbbdaaa07cfc9f) Importer(815301076,1909f56bfc062723c751e8b465ee728b)  -> (artifact id: '09f42aafdb4f3a9c05d1e4d61fe5dead') in 0.013982 seconds
  Import took 0.015710 seconds .

========================================================================
Received Import Request.
  Time since last request: 0.000190 seconds.
  path: Assets/TextureOutput/Green_41337.png
  artifactKey: Guid(e8f02dce38947bd4091d1692a55b8638) Importer(815301076,1909f56bfc062723c751e8b465ee728b)
Start importing Assets/TextureOutput/Green_41337.png using Guid(e8f02dce38947bd4091d1692a55b8638) Importer(815301076,1909f56bfc062723c751e8b465ee728b)  -> (artifact id: '9f28ff2c039f822a8f211b42836abcd5') in 0.011576 seconds
  Import took 0.013321 seconds .

========================================================================
Received Import Request.
  Time since last request: 0.000165 seconds.
  path: Assets/TextureOutput/Green_64604.png
  artifactKey: Guid(9f8fbcc99bba08c4ab253f121a4d314d) Importer(815301076,1909f56bfc062723c751e8b465ee728b)
Start importing Assets/TextureOutput/Green_64604.png using Guid(9f8fbcc99bba08c4ab253f121a4d314d) Importer(815301076,1909f56bfc062723c751e8b465ee728b)  -> (artifact id: '33b7cbf6c1d25b6f43558d60ea1abf85') in 0.010731 seconds
  Import took 0.012400 seconds .

========================================================================
Received Import Request.
  Time since last request: 0.000181 seconds.
  path: Assets/TextureOutput/Green_19859.png
  artifactKey: Guid(2530cd7b1d2d6f44099857d25bab0a90) Importer(815301076,1909f56bfc062723c751e8b465ee728b)
Start importing Assets/TextureOutput/Green_19859.png using Guid(2530cd7b1d2d6f44099857d25bab0a90) Importer(815301076,1909f56bfc062723c751e8b465ee728b)  -> (artifact id: 'ccb12960592a1295f5c24f84b8eaae46') in 0.013692 seconds
  Import took 0.015590 seconds .

========================================================================
Received Prepare
Registering precompiled user dll's ...
Registered in 0.000607 seconds.
Begin MonoManager ReloadAssembly
Native extension for WindowsStandalone target not found
Refreshing native plugins compatible for Editor in 0.26 ms, found 0 plugins.
Preloading 0 native plugins for Editor in 0.00 ms.
Invoked RoslynAnalysisRunner static constructor.
RoslynAnalysisRunner will not be running.
RoslynAnalysisRunner has terminated.
Mono: successfully reloaded assembly
- Completed reload, in  0.671 seconds
Platform modules already initialized, skipping
Refreshing native plugins compatible for Editor in 0.24 ms, found 0 plugins.
Preloading 0 native plugins for Editor in 0.00 ms.
Unloading 1103 Unused Serialized files (Serialized files now loaded: 0)
System memory in use before: 57.8 MB.
System memory in use after: 57.8 MB.

Unloading 5 unused Assets to reduce memory usage. Loaded Objects now: 1574.
Total: 1.760300 ms (FindLiveObjects: 0.258200 ms CreateObjectMapping: 0.025100 ms MarkObjects: 1.411100 ms  DeleteObjects: 0.064600 ms)

========================================================================
Received Import Request.
  Time since last request: 91.823774 seconds.
  path: Assets/TextureOutput/Green_0.png
  artifactKey: Guid(f3b3f62fc65df7548a7bc4bda1e6a2f1) Importer(815301076,1909f56bfc062723c751e8b465ee728b)
Start importing Assets/TextureOutput/Green_0.png using Guid(f3b3f62fc65df7548a7bc4bda1e6a2f1) Importer(815301076,1909f56bfc062723c751e8b465ee728b)  -> (artifact id: 'b17b621a35c415230def2c48b527b1de') in 0.032475 seconds
  Import took 0.034574 seconds .

========================================================================
Received Import Request.
  Time since last request: 0.000159 seconds.
  path: Assets/TextureOutput/Green_3.png
  artifactKey: Guid(9e73f828d765a9841b7ebc4068d7af77) Importer(815301076,1909f56bfc062723c751e8b465ee728b)
Start importing Assets/TextureOutput/Green_3.png using Guid(9e73f828d765a9841b7ebc4068d7af77) Importer(815301076,1909f56bfc062723c751e8b465ee728b)  -> (artifact id: '03a8d6823312fa68f15fc0692ce50d39') in 0.014456 seconds
  Import took 0.016299 seconds .

========================================================================
Received Import Request.
  Time since last request: 0.000164 seconds.
  path: Assets/TextureOutput/Green_7.png
  artifactKey: Guid(2fa14361c9e8fa141b1382305cef0198) Importer(815301076,1909f56bfc062723c751e8b465ee728b)
Start importing Assets/TextureOutput/Green_7.png using Guid(2fa14361c9e8fa141b1382305cef0198) Importer(815301076,1909f56bfc062723c751e8b465ee728b)  -> (artifact id: '0d4204ba92a7efd41ba39022aacb850d') in 0.011142 seconds
  Import took 0.012811 seconds .

========================================================================
Received Import Request.
  Time since last request: 0.000168 seconds.
  path: Assets/TextureOutput/Green_10.png
  artifactKey: Guid(f67b7dca68924da42b9a4ab4c1c98d3b) Importer(815301076,1909f56bfc062723c751e8b465ee728b)
Start importing Assets/TextureOutput/Green_10.png using Guid(f67b7dca68924da42b9a4ab4c1c98d3b) Importer(815301076,1909f56bfc062723c751e8b465ee728b)  -> (artifact id: '84abf8175a1e4b82d487f917b8b77268') in 0.011657 seconds
  Import took 0.013469 seconds .

========================================================================
Received Import Request.
  Time since last request: 0.000175 seconds.
  path: Assets/TextureOutput/Green_6.png
  artifactKey: Guid(56a8dc40c2207ee4ebbbd997260d7267) Importer(815301076,1909f56bfc062723c751e8b465ee728b)
Start importing Assets/TextureOutput/Green_6.png using Guid(56a8dc40c2207ee4ebbbd997260d7267) Importer(815301076,1909f56bfc062723c751e8b465ee728b)  -> (artifact id: '747faa3a90abd163cf119f4c9d7c1450') in 0.010486 seconds
  Import took 0.012269 seconds .

========================================================================
Received Import Request.
  Time since last request: 0.000169 seconds.
  path: Assets/TextureOutput/Green_9.png
  artifactKey: Guid(b8e01981ee7cf3d41b896a068c83f93d) Importer(815301076,1909f56bfc062723c751e8b465ee728b)
Start importing Assets/TextureOutput/Green_9.png using Guid(b8e01981ee7cf3d41b896a068c83f93d) Importer(815301076,1909f56bfc062723c751e8b465ee728b)  -> (artifact id: '9350bf9bc42618e902ffb2fb49128de5') in 0.009945 seconds
  Import took 0.011663 seconds .

========================================================================
Received Import Request.
  Time since last request: 0.000169 seconds.
  path: Assets/TextureOutput/Green_5.png
  artifactKey: Guid(3fe1430447ef2c844bce3f3480f02d20) Importer(815301076,1909f56bfc062723c751e8b465ee728b)
Start importing Assets/TextureOutput/Green_5.png using Guid(3fe1430447ef2c844bce3f3480f02d20) Importer(815301076,1909f56bfc062723c751e8b465ee728b)  -> (artifact id: '298abb7900f269cf4422a9b53b83bb05') in 0.012992 seconds
  Import took 0.014653 seconds .

========================================================================
Received Import Request.
  Time since last request: 0.000188 seconds.
  path: Assets/TextureOutput/Green_11.png
  artifactKey: Guid(0566a0980c52c094eac7c41b8168701d) Importer(815301076,1909f56bfc062723c751e8b465ee728b)
Start importing Assets/TextureOutput/Green_11.png using Guid(0566a0980c52c094eac7c41b8168701d) Importer(815301076,1909f56bfc062723c751e8b465ee728b)  -> (artifact id: 'e3e2b36a314e4ce5818bc43ee4c968d1') in 0.012779 seconds
  Import took 0.014812 seconds .

========================================================================
Received Import Request.
  Time since last request: 0.000199 seconds.
  path: Assets/TextureOutput/Green_1.png
  artifactKey: Guid(d29aa593c0d19194cb6348faa6a80bbb) Importer(815301076,1909f56bfc062723c751e8b465ee728b)
Start importing Assets/TextureOutput/Green_1.png using Guid(d29aa593c0d19194cb6348faa6a80bbb) Importer(815301076,1909f56bfc062723c751e8b465ee728b)  -> (artifact id: 'c7f7ea206394afc8edfe85244793a0ae') in 0.014150 seconds
  Import took 0.016342 seconds .

========================================================================
Received Import Request.
  Time since last request: 0.000234 seconds.
  path: Assets/TextureOutput/Green_12.png
  artifactKey: Guid(af66f9b2b0b3f8a4aad915dc733ab819) Importer(815301076,1909f56bfc062723c751e8b465ee728b)
Start importing Assets/TextureOutput/Green_12.png using Guid(af66f9b2b0b3f8a4aad915dc733ab819) Importer(815301076,1909f56bfc062723c751e8b465ee728b)  -> (artifact id: '58aa5ca9874115c754bfff4c4a93d877') in 0.011744 seconds
  Import took 0.013699 seconds .

========================================================================
Received Import Request.
  Time since last request: 0.000201 seconds.
  path: Assets/TextureOutput/Green_2.png
  artifactKey: Guid(262aeec81cd31694c9b630d714e844f2) Importer(815301076,1909f56bfc062723c751e8b465ee728b)
Start importing Assets/TextureOutput/Green_2.png using Guid(262aeec81cd31694c9b630d714e844f2) Importer(815301076,1909f56bfc062723c751e8b465ee728b)  -> (artifact id: '3b0ad46ae6f0a8b3a2ee370ee21e036c') in 0.012185 seconds
  Import took 0.014491 seconds .

========================================================================
Received Import Request.
  Time since last request: 0.000166 seconds.
  path: Assets/TextureOutput/Green_13.png
  artifactKey: Guid(b9ce84e0d2eae5d458c393142115f6c3) Importer(815301076,1909f56bfc062723c751e8b465ee728b)
Start importing Assets/TextureOutput/Green_13.png using Guid(b9ce84e0d2eae5d458c393142115f6c3) Importer(815301076,1909f56bfc062723c751e8b465ee728b)  -> (artifact id: '342baf57a0fe9416c85db259f9fefcaf') in 0.022172 seconds
  Import took 0.024169 seconds .

========================================================================
Received Import Request.
  Time since last request: 0.000195 seconds.
  path: Assets/TextureOutput/Green_8.png
  artifactKey: Guid(9d0d56df798cabd46b4bce843cfbd4f8) Importer(815301076,1909f56bfc062723c751e8b465ee728b)
Start importing Assets/TextureOutput/Green_8.png using Guid(9d0d56df798cabd46b4bce843cfbd4f8) Importer(815301076,1909f56bfc062723c751e8b465ee728b)  -> (artifact id: 'dfa55b8985b2def3a6ad9091b3fcce4e') in 0.012703 seconds
  Import took 0.014967 seconds .

========================================================================
Received Import Request.
  Time since last request: 0.000155 seconds.
  path: Assets/TextureOutput/Green_4.png
  artifactKey: Guid(f8ea0d6f297682e44ac99ff26354b9a8) Importer(815301076,1909f56bfc062723c751e8b465ee728b)
Start importing Assets/TextureOutput/Green_4.png using Guid(f8ea0d6f297682e44ac99ff26354b9a8) Importer(815301076,1909f56bfc062723c751e8b465ee728b)  -> (artifact id: 'c90433f57bb225189fe6c7ebadb89960') in 0.010895 seconds
  Import took 0.012774 seconds .

========================================================================
Received Import Request.
  Time since last request: 0.000248 seconds.
  path: Assets/TextureOutput/Green_14.png
  artifactKey: Guid(19594c360ccf3d44181ad6f2677a7427) Importer(815301076,1909f56bfc062723c751e8b465ee728b)
Start importing Assets/TextureOutput/Green_14.png using Guid(19594c360ccf3d44181ad6f2677a7427) Importer(815301076,1909f56bfc062723c751e8b465ee728b)  -> (artifact id: '15c30087fb5fb428cf703d95e0c5acbc') in 0.012072 seconds
  Import took 0.014183 seconds .

========================================================================
Received Import Request.
  Time since last request: 60.317840 seconds.
  path: Assets/TextureOutput/Red_0.png
  artifactKey: Guid(ec926727499c91548ac3fcb6c8776335) Importer(815301076,1909f56bfc062723c751e8b465ee728b)
Start importing Assets/TextureOutput/Red_0.png using Guid(ec926727499c91548ac3fcb6c8776335) Importer(815301076,1909f56bfc062723c751e8b465ee728b)  -> (artifact id: '3240f34b82994415b040abad9548327d') in 0.030808 seconds
  Import took 0.032825 seconds .

========================================================================
Received Import Request.
  Time since last request: 0.000206 seconds.
  path: Assets/TextureOutput/Red_13.png
  artifactKey: Guid(b278a2a7692af854dae2094ee2ad44ce) Importer(815301076,1909f56bfc062723c751e8b465ee728b)
Start importing Assets/TextureOutput/Red_13.png using Guid(b278a2a7692af854dae2094ee2ad44ce) Importer(815301076,1909f56bfc062723c751e8b465ee728b)  -> (artifact id: '24114b774509cbb60ee3af25ee6efb62') in 0.012847 seconds
  Import took 0.014938 seconds .

========================================================================
Received Import Request.
  Time since last request: 0.000210 seconds.
  path: Assets/TextureOutput/Red_7.png
  artifactKey: Guid(3bbaa52de4acc9247a49070016e31f45) Importer(815301076,1909f56bfc062723c751e8b465ee728b)
Start importing Assets/TextureOutput/Red_7.png using Guid(3bbaa52de4acc9247a49070016e31f45) Importer(815301076,1909f56bfc062723c751e8b465ee728b)  -> (artifact id: '0938da572fae9e19255576c9fa92c5e6') in 0.048091 seconds
  Import took 0.050073 seconds .

========================================================================
Received Import Request.
  Time since last request: 0.000156 seconds.
  path: Assets/TextureOutput/Red_6.png
  artifactKey: Guid(ae0d4f27333f1b1449375e7e30249778) Importer(815301076,1909f56bfc062723c751e8b465ee728b)
Start importing Assets/TextureOutput/Red_6.png using Guid(ae0d4f27333f1b1449375e7e30249778) Importer(815301076,1909f56bfc062723c751e8b465ee728b)  -> (artifact id: 'ba2b4a95178eb82cb8bb19f88d179f69') in 0.012057 seconds
  Import took 0.014023 seconds .

========================================================================
Received Import Request.
  Time since last request: 0.000185 seconds.
  path: Assets/TextureOutput/Red_12.png
  artifactKey: Guid(fa9027dcfe78a334cbcd1bc7140da9e8) Importer(815301076,1909f56bfc062723c751e8b465ee728b)
Start importing Assets/TextureOutput/Red_12.png using Guid(fa9027dcfe78a334cbcd1bc7140da9e8) Importer(815301076,1909f56bfc062723c751e8b465ee728b)  -> (artifact id: 'f2522e811276c7f46e9d011bf3d4557c') in 0.018068 seconds
  Import took 0.020112 seconds .

========================================================================
Received Import Request.
  Time since last request: 0.000177 seconds.
  path: Assets/TextureOutput/Red_4.png
  artifactKey: Guid(1a5772eda5cb9e942a9d68789d8405cf) Importer(815301076,1909f56bfc062723c751e8b465ee728b)
Start importing Assets/TextureOutput/Red_4.png using Guid(1a5772eda5cb9e942a9d68789d8405cf) Importer(815301076,1909f56bfc062723c751e8b465ee728b)  -> (artifact id: '2e2658eb464f359091da4362b1214df8') in 0.053825 seconds
  Import took 0.055636 seconds .

========================================================================
Received Import Request.
  Time since last request: 0.000179 seconds.
  path: Assets/TextureOutput/Red_10.png
  artifactKey: Guid(574ac064b4fb3f4468ad5ad652039371) Importer(815301076,1909f56bfc062723c751e8b465ee728b)
Start importing Assets/TextureOutput/Red_10.png using Guid(574ac064b4fb3f4468ad5ad652039371) Importer(815301076,1909f56bfc062723c751e8b465ee728b)  -> (artifact id: '2676bb50c879bbb4fa5fe5cb72fa0b6a') in 0.011423 seconds
  Import took 0.013245 seconds .

========================================================================
Received Import Request.
  Time since last request: 0.000158 seconds.
  path: Assets/TextureOutput/Red_3.png
  artifactKey: Guid(52f91cfcf8f419a4ea16949f9174d3e6) Importer(815301076,1909f56bfc062723c751e8b465ee728b)
Start importing Assets/TextureOutput/Red_3.png using Guid(52f91cfcf8f419a4ea16949f9174d3e6) Importer(815301076,1909f56bfc062723c751e8b465ee728b)  -> (artifact id: '8f74804aa8f5e6f24b5bfde516704bab') in 0.040199 seconds
  Import took 0.042206 seconds .

========================================================================
Received Import Request.
  Time since last request: 0.000172 seconds.
  path: Assets/TextureOutput/Red_11.png
  artifactKey: Guid(d95f7b71089669345962516082929501) Importer(815301076,1909f56bfc062723c751e8b465ee728b)
Start importing Assets/TextureOutput/Red_11.png using Guid(d95f7b71089669345962516082929501) Importer(815301076,1909f56bfc062723c751e8b465ee728b)  -> (artifact id: '3314734fa5efaf4f150c1502b1f3c921') in 0.017334 seconds
  Import took 0.019100 seconds .

========================================================================
Received Import Request.
  Time since last request: 0.000163 seconds.
  path: Assets/TextureOutput/Red_2.png
  artifactKey: Guid(7745535d9e27ba84ba287059b4a8abd7) Importer(815301076,1909f56bfc062723c751e8b465ee728b)
Start importing Assets/TextureOutput/Red_2.png using Guid(7745535d9e27ba84ba287059b4a8abd7) Importer(815301076,1909f56bfc062723c751e8b465ee728b)  -> (artifact id: 'c3a8dea7f9819c8715ca42ac74d21afe') in 0.010545 seconds
  Import took 0.012306 seconds .

========================================================================
Received Import Request.
  Time since last request: 0.000255 seconds.
  path: Assets/TextureOutput/Red_5.png
  artifactKey: Guid(62b087401c568b44b98e1f8e3ac30da6) Importer(815301076,1909f56bfc062723c751e8b465ee728b)
Start importing Assets/TextureOutput/Red_5.png using Guid(62b087401c568b44b98e1f8e3ac30da6) Importer(815301076,1909f56bfc062723c751e8b465ee728b)  -> (artifact id: 'a5ead4edee8ff5c1996e841b0e3776c9') in 0.010212 seconds
  Import took 0.012329 seconds .

========================================================================
Received Import Request.
  Time since last request: 0.000186 seconds.
  path: Assets/TextureOutput/Red_1.png
  artifactKey: Guid(db005e03a6139174a8552553e3b148f7) Importer(815301076,1909f56bfc062723c751e8b465ee728b)
Start importing Assets/TextureOutput/Red_1.png using Guid(db005e03a6139174a8552553e3b148f7) Importer(815301076,1909f56bfc062723c751e8b465ee728b)  -> (artifact id: '822bf97cc4ed406d81abca9f5cd09dad') in 0.009587 seconds
  Import took 0.011285 seconds .

========================================================================
Received Import Request.
  Time since last request: 0.000192 seconds.
  path: Assets/TextureOutput/Red_9.png
  artifactKey: Guid(8f1ebd93c4cd9784287fb1fb2b0fbd8c) Importer(815301076,1909f56bfc062723c751e8b465ee728b)
Start importing Assets/TextureOutput/Red_9.png using Guid(8f1ebd93c4cd9784287fb1fb2b0fbd8c) Importer(815301076,1909f56bfc062723c751e8b465ee728b)  -> (artifact id: '8d0bbb8785a837ae92cd15f2b6f1ad14') in 0.010472 seconds
  Import took 0.012356 seconds .

========================================================================
Received Import Request.
  Time since last request: 0.000228 seconds.
  path: Assets/TextureOutput/Red_14.png
  artifactKey: Guid(f31a66976acf11c408528f2d17c28ed7) Importer(815301076,1909f56bfc062723c751e8b465ee728b)
Start importing Assets/TextureOutput/Red_14.png using Guid(f31a66976acf11c408528f2d17c28ed7) Importer(815301076,1909f56bfc062723c751e8b465ee728b)  -> (artifact id: '5b2e6ed1d29c263109e11017393af960') in 0.012154 seconds
  Import took 0.014417 seconds .

========================================================================
Received Import Request.
  Time since last request: 0.000265 seconds.
  path: Assets/TextureOutput/Red_8.png
  artifactKey: Guid(0dbdeaa8b2249a04d949535a9b300a28) Importer(815301076,1909f56bfc062723c751e8b465ee728b)
Start importing Assets/TextureOutput/Red_8.png using Guid(0dbdeaa8b2249a04d949535a9b300a28) Importer(815301076,1909f56bfc062723c751e8b465ee728b)  -> (artifact id: '2c74d29c4f0cb6a48c9ae0d35b4ad114') in 0.011080 seconds
  Import took 0.012880 seconds .

========================================================================
Received Import Request.
  Time since last request: 83.076838 seconds.
  path: Assets/TextureOutput/Red_0.png
  artifactKey: Guid(ec926727499c91548ac3fcb6c8776335) Importer(815301076,1909f56bfc062723c751e8b465ee728b)
Start importing Assets/TextureOutput/Red_0.png using Guid(ec926727499c91548ac3fcb6c8776335) Importer(815301076,1909f56bfc062723c751e8b465ee728b)  -> (artifact id: '6be134953194946c2f894d4eb229ee43') in 0.015826 seconds
  Import took 0.017940 seconds .

========================================================================
Received Import Request.
  Time since last request: 0.000200 seconds.
  path: Assets/TextureOutput/Red_13.png
  artifactKey: Guid(b278a2a7692af854dae2094ee2ad44ce) Importer(815301076,1909f56bfc062723c751e8b465ee728b)
Start importing Assets/TextureOutput/Red_13.png using Guid(b278a2a7692af854dae2094ee2ad44ce) Importer(815301076,1909f56bfc062723c751e8b465ee728b)  -> (artifact id: '7647ef460a27096b4305a57f6fe64ced') in 0.009729 seconds
  Import took 0.011662 seconds .

========================================================================
Received Import Request.
  Time since last request: 0.000175 seconds.
  path: Assets/TextureOutput/Red_7.png
  artifactKey: Guid(3bbaa52de4acc9247a49070016e31f45) Importer(815301076,1909f56bfc062723c751e8b465ee728b)
Start importing Assets/TextureOutput/Red_7.png using Guid(3bbaa52de4acc9247a49070016e31f45) Importer(815301076,1909f56bfc062723c751e8b465ee728b)  -> (artifact id: '13d69809a1d13e9b4828d316685c641e') in 0.009551 seconds
  Import took 0.011341 seconds .

========================================================================
Received Import Request.
  Time since last request: 0.000151 seconds.
  path: Assets/TextureOutput/Red_6.png
  artifactKey: Guid(ae0d4f27333f1b1449375e7e30249778) Importer(815301076,1909f56bfc062723c751e8b465ee728b)
Start importing Assets/TextureOutput/Red_6.png using Guid(ae0d4f27333f1b1449375e7e30249778) Importer(815301076,1909f56bfc062723c751e8b465ee728b)  -> (artifact id: 'e23a509d5a33d64905413b5f2e81471f') in 0.010096 seconds
  Import took 0.011813 seconds .

========================================================================
Received Import Request.
  Time since last request: 0.000215 seconds.
  path: Assets/TextureOutput/Red_12.png
  artifactKey: Guid(fa9027dcfe78a334cbcd1bc7140da9e8) Importer(815301076,1909f56bfc062723c751e8b465ee728b)
Start importing Assets/TextureOutput/Red_12.png using Guid(fa9027dcfe78a334cbcd1bc7140da9e8) Importer(815301076,1909f56bfc062723c751e8b465ee728b)  -> (artifact id: '951f439c7ceb178cd056b3e193f2ae16') in 0.010387 seconds
  Import took 0.012485 seconds .

========================================================================
Received Import Request.
  Time since last request: 0.000217 seconds.
  path: Assets/TextureOutput/Red_4.png
  artifactKey: Guid(1a5772eda5cb9e942a9d68789d8405cf) Importer(815301076,1909f56bfc062723c751e8b465ee728b)
Start importing Assets/TextureOutput/Red_4.png using Guid(1a5772eda5cb9e942a9d68789d8405cf) Importer(815301076,1909f56bfc062723c751e8b465ee728b)  -> (artifact id: '8f765dc0a8e97f5de3dc31ef75e88b5e') in 0.011363 seconds
  Import took 0.013413 seconds .

========================================================================
Received Import Request.
  Time since last request: 0.000226 seconds.
  path: Assets/TextureOutput/Red_10.png
  artifactKey: Guid(574ac064b4fb3f4468ad5ad652039371) Importer(815301076,1909f56bfc062723c751e8b465ee728b)
Start importing Assets/TextureOutput/Red_10.png using Guid(574ac064b4fb3f4468ad5ad652039371) Importer(815301076,1909f56bfc062723c751e8b465ee728b)  -> (artifact id: 'e1daa6e5df3e6bb3cf8c7851450168c9') in 0.010131 seconds
  Import took 0.012155 seconds .

========================================================================
Received Import Request.
  Time since last request: 0.000158 seconds.
  path: Assets/TextureOutput/Red_3.png
  artifactKey: Guid(52f91cfcf8f419a4ea16949f9174d3e6) Importer(815301076,1909f56bfc062723c751e8b465ee728b)
Start importing Assets/TextureOutput/Red_3.png using Guid(52f91cfcf8f419a4ea16949f9174d3e6) Importer(815301076,1909f56bfc062723c751e8b465ee728b)  -> (artifact id: 'b7c54e17e3f73e02394c7335893ad8e2') in 0.010048 seconds
  Import took 0.011719 seconds .

========================================================================
Received Import Request.
  Time since last request: 0.000162 seconds.
  path: Assets/TextureOutput/Red_11.png
  artifactKey: Guid(d95f7b71089669345962516082929501) Importer(815301076,1909f56bfc062723c751e8b465ee728b)
Start importing Assets/TextureOutput/Red_11.png using Guid(d95f7b71089669345962516082929501) Importer(815301076,1909f56bfc062723c751e8b465ee728b)  -> (artifact id: 'da70f0a1dbac4403f0301e65cddbb2f2') in 0.012636 seconds
  Import took 0.014363 seconds .

========================================================================
Received Import Request.
  Time since last request: 0.000157 seconds.
  path: Assets/TextureOutput/Red_2.png
  artifactKey: Guid(7745535d9e27ba84ba287059b4a8abd7) Importer(815301076,1909f56bfc062723c751e8b465ee728b)
Start importing Assets/TextureOutput/Red_2.png using Guid(7745535d9e27ba84ba287059b4a8abd7) Importer(815301076,1909f56bfc062723c751e8b465ee728b)  -> (artifact id: 'f48eb2c717974a75319f2c8507d0d2e6') in 0.012569 seconds
  Import took 0.014625 seconds .

========================================================================
Received Import Request.
  Time since last request: 0.000163 seconds.
  path: Assets/TextureOutput/Red_5.png
  artifactKey: Guid(62b087401c568b44b98e1f8e3ac30da6) Importer(815301076,1909f56bfc062723c751e8b465ee728b)
Start importing Assets/TextureOutput/Red_5.png using Guid(62b087401c568b44b98e1f8e3ac30da6) Importer(815301076,1909f56bfc062723c751e8b465ee728b)  -> (artifact id: 'cfb92ae9198dfee9229236812372a912') in 0.011808 seconds
  Import took 0.013728 seconds .

========================================================================
Received Import Request.
  Time since last request: 0.000227 seconds.
  path: Assets/TextureOutput/Red_1.png
  artifactKey: Guid(db005e03a6139174a8552553e3b148f7) Importer(815301076,1909f56bfc062723c751e8b465ee728b)
Start importing Assets/TextureOutput/Red_1.png using Guid(db005e03a6139174a8552553e3b148f7) Importer(815301076,1909f56bfc062723c751e8b465ee728b)  -> (artifact id: 'a6cf9cb0ee8f0f0de7d37a623277efd3') in 0.009954 seconds
  Import took 0.011960 seconds .

========================================================================
Received Import Request.
  Time since last request: 0.000204 seconds.
  path: Assets/TextureOutput/Red_9.png
  artifactKey: Guid(8f1ebd93c4cd9784287fb1fb2b0fbd8c) Importer(815301076,1909f56bfc062723c751e8b465ee728b)
Start importing Assets/TextureOutput/Red_9.png using Guid(8f1ebd93c4cd9784287fb1fb2b0fbd8c) Importer(815301076,1909f56bfc062723c751e8b465ee728b)  -> (artifact id: 'c2afa09e36a4895a6d0cc389eb63848c') in 0.010555 seconds
  Import took 0.012501 seconds .

========================================================================
Received Import Request.
  Time since last request: 0.000141 seconds.
  path: Assets/TextureOutput/Red_14.png
  artifactKey: Guid(f31a66976acf11c408528f2d17c28ed7) Importer(815301076,1909f56bfc062723c751e8b465ee728b)
Start importing Assets/TextureOutput/Red_14.png using Guid(f31a66976acf11c408528f2d17c28ed7) Importer(815301076,1909f56bfc062723c751e8b465ee728b)  -> (artifact id: 'cbec4b0a98c4da4064e74b15badc7852') in 0.010418 seconds
  Import took 0.012145 seconds .

========================================================================
Received Import Request.
  Time since last request: 0.000207 seconds.
  path: Assets/TextureOutput/Red_8.png
  artifactKey: Guid(0dbdeaa8b2249a04d949535a9b300a28) Importer(815301076,1909f56bfc062723c751e8b465ee728b)
Start importing Assets/TextureOutput/Red_8.png using Guid(0dbdeaa8b2249a04d949535a9b300a28) Importer(815301076,1909f56bfc062723c751e8b465ee728b)  -> (artifact id: '4c395d7a5da6e937836a3b73823502c9') in 0.010252 seconds
  Import took 0.012553 seconds .

========================================================================
Received Import Request.
  Time since last request: 42.807082 seconds.
  path: Assets/TextureOutput/Blue_0.png
  artifactKey: Guid(d64637df491bf83418b42d95e7a7b5b7) Importer(815301076,1909f56bfc062723c751e8b465ee728b)
Start importing Assets/TextureOutput/Blue_0.png using Guid(d64637df491bf83418b42d95e7a7b5b7) Importer(815301076,1909f56bfc062723c751e8b465ee728b)  -> (artifact id: 'd2be0c8ec2aec1bec046de5b9a469f9f') in 0.016041 seconds
  Import took 0.018424 seconds .

========================================================================
Received Import Request.
  Time since last request: 0.000209 seconds.
  path: Assets/TextureOutput/Blue_14.png
  artifactKey: Guid(f839e126e0b629d42a53fe5d37a66eba) Importer(815301076,1909f56bfc062723c751e8b465ee728b)
Start importing Assets/TextureOutput/Blue_14.png using Guid(f839e126e0b629d42a53fe5d37a66eba) Importer(815301076,1909f56bfc062723c751e8b465ee728b)  -> (artifact id: '10d2e619cbda3c7245a1dd82427c45fd') in 0.010865 seconds
  Import took 0.012800 seconds .

========================================================================
Received Import Request.
  Time since last request: 0.000175 seconds.
  path: Assets/TextureOutput/Blue_1.png
  artifactKey: Guid(586664c25b59ae44a925acbfb9008f11) Importer(815301076,1909f56bfc062723c751e8b465ee728b)
Start importing Assets/TextureOutput/Blue_1.png using Guid(586664c25b59ae44a925acbfb9008f11) Importer(815301076,1909f56bfc062723c751e8b465ee728b)  -> (artifact id: 'bc39c83ceb4dd12fe8dfe71323255be5') in 0.012582 seconds
  Import took 0.014557 seconds .

========================================================================
Received Import Request.
  Time since last request: 0.000251 seconds.
  path: Assets/TextureOutput/Blue_13.png
  artifactKey: Guid(c5f90b715b2497d4f8c684ca4352cea8) Importer(815301076,1909f56bfc062723c751e8b465ee728b)
Start importing Assets/TextureOutput/Blue_13.png using Guid(c5f90b715b2497d4f8c684ca4352cea8) Importer(815301076,1909f56bfc062723c751e8b465ee728b)  -> (artifact id: '5a5a977cec029eff82314a4c1f2537e6') in 0.010493 seconds
  Import took 0.012508 seconds .

========================================================================
Received Import Request.
  Time since last request: 0.000331 seconds.
  path: Assets/TextureOutput/Blue_5.png
  artifactKey: Guid(7348b5b2f29973845858688c0840a4eb) Importer(815301076,1909f56bfc062723c751e8b465ee728b)
Start importing Assets/TextureOutput/Blue_5.png using Guid(7348b5b2f29973845858688c0840a4eb) Importer(815301076,1909f56bfc062723c751e8b465ee728b)  -> (artifact id: '6313e52bcf37ed84d2009dffd47e85d5') in 0.011165 seconds
  Import took 0.013247 seconds .

========================================================================
Received Import Request.
  Time since last request: 0.000185 seconds.
  path: Assets/TextureOutput/Blue_11.png
  artifactKey: Guid(490473bda1c0de24ca8da5d0dda70e3a) Importer(815301076,1909f56bfc062723c751e8b465ee728b)
Start importing Assets/TextureOutput/Blue_11.png using Guid(490473bda1c0de24ca8da5d0dda70e3a) Importer(815301076,1909f56bfc062723c751e8b465ee728b)  -> (artifact id: '6421aec80303341d417d1f9f47f7d3b9') in 0.010612 seconds
  Import took 0.012289 seconds .

========================================================================
Received Import Request.
  Time since last request: 0.000204 seconds.
  path: Assets/TextureOutput/Blue_6.png
  artifactKey: Guid(6e41c2797c8ea1743b24bda306f01971) Importer(815301076,1909f56bfc062723c751e8b465ee728b)
Start importing Assets/TextureOutput/Blue_6.png using Guid(6e41c2797c8ea1743b24bda306f01971) Importer(815301076,1909f56bfc062723c751e8b465ee728b)  -> (artifact id: '9351a7f7b100500b2e13fcd738e2b986') in 0.010997 seconds
  Import took 0.013223 seconds .

========================================================================
Received Import Request.
  Time since last request: 0.000190 seconds.
  path: Assets/TextureOutput/Blue_3.png
  artifactKey: Guid(03841f4b50e627241b35cb2de5d92971) Importer(815301076,1909f56bfc062723c751e8b465ee728b)
Start importing Assets/TextureOutput/Blue_3.png using Guid(03841f4b50e627241b35cb2de5d92971) Importer(815301076,1909f56bfc062723c751e8b465ee728b)  -> (artifact id: '492ae3158965816f686b6088ed905aab') in 0.011967 seconds
  Import took 0.014081 seconds .

========================================================================
Received Import Request.
  Time since last request: 0.000194 seconds.
  path: Assets/TextureOutput/Blue_2.png
  artifactKey: Guid(5e4cd4b86b46bcf46b6d25e6d8591e2d) Importer(815301076,1909f56bfc062723c751e8b465ee728b)
Start importing Assets/TextureOutput/Blue_2.png using Guid(5e4cd4b86b46bcf46b6d25e6d8591e2d) Importer(815301076,1909f56bfc062723c751e8b465ee728b)  -> (artifact id: '2ba4bd7f74f41ea1cfb81316c67cb2b9') in 0.012976 seconds
  Import took 0.014792 seconds .

========================================================================
Received Import Request.
  Time since last request: 0.000198 seconds.
  path: Assets/TextureOutput/Blue_8.png
  artifactKey: Guid(c8eea001c3cf8f74c816de048e386aab) Importer(815301076,1909f56bfc062723c751e8b465ee728b)
Start importing Assets/TextureOutput/Blue_8.png using Guid(c8eea001c3cf8f74c816de048e386aab) Importer(815301076,1909f56bfc062723c751e8b465ee728b)  -> (artifact id: '87534dbdd1c03c967752bd731325377e') in 0.010306 seconds
  Import took 0.012583 seconds .

========================================================================
Received Import Request.
  Time since last request: 0.000170 seconds.
  path: Assets/TextureOutput/Blue_12.png
  artifactKey: Guid(fbbf6bb1987ddaa43b158d30ed1a29ee) Importer(815301076,1909f56bfc062723c751e8b465ee728b)
Start importing Assets/TextureOutput/Blue_12.png using Guid(fbbf6bb1987ddaa43b158d30ed1a29ee) Importer(815301076,1909f56bfc062723c751e8b465ee728b)  -> (artifact id: '0ce2a6bddda5354795c7bb0bd04f0f46') in 0.011603 seconds
  Import took 0.013640 seconds .

========================================================================
Received Import Request.
  Time since last request: 0.000189 seconds.
  path: Assets/TextureOutput/Blue_4.png
  artifactKey: Guid(a4d27ce6548d133498d1dabb6589a2e9) Importer(815301076,1909f56bfc062723c751e8b465ee728b)
Start importing Assets/TextureOutput/Blue_4.png using Guid(a4d27ce6548d133498d1dabb6589a2e9) Importer(815301076,1909f56bfc062723c751e8b465ee728b)  -> (artifact id: '76d5abb24d56ce1c3ef61850a1cb16af') in 0.018585 seconds
  Import took 0.020525 seconds .

========================================================================
Received Import Request.
  Time since last request: 0.000184 seconds.
  path: Assets/TextureOutput/Blue_9.png
  artifactKey: Guid(68719545cb8635548928dbe843a29c21) Importer(815301076,1909f56bfc062723c751e8b465ee728b)
Start importing Assets/TextureOutput/Blue_9.png using Guid(68719545cb8635548928dbe843a29c21) Importer(815301076,1909f56bfc062723c751e8b465ee728b)  -> (artifact id: 'f136097fde73de5a202a68f81ea423f8') in 0.011638 seconds
  Import took 0.013364 seconds .

========================================================================
Received Import Request.
  Time since last request: 0.000197 seconds.
  path: Assets/TextureOutput/Blue_10.png
  artifactKey: Guid(5b24192d3e6ce964a9bda41281006744) Importer(815301076,1909f56bfc062723c751e8b465ee728b)
Start importing Assets/TextureOutput/Blue_10.png using Guid(5b24192d3e6ce964a9bda41281006744) Importer(815301076,1909f56bfc062723c751e8b465ee728b)  -> (artifact id: '15738480b9e1dd3acc139ca9b4f11729') in 0.010712 seconds
  Import took 0.012727 seconds .

========================================================================
Received Import Request.
  Time since last request: 0.000232 seconds.
  path: Assets/TextureOutput/Blue_7.png
  artifactKey: Guid(78d92559b8ea9d5429377e500d216f00) Importer(815301076,1909f56bfc062723c751e8b465ee728b)
Start importing Assets/TextureOutput/Blue_7.png using Guid(78d92559b8ea9d5429377e500d216f00) Importer(815301076,1909f56bfc062723c751e8b465ee728b)  -> (artifact id: 'e841bde293884b95d4a750defb468931') in 0.012701 seconds
  Import took 0.014750 seconds .

========================================================================
Received Import Request.
  Time since last request: 28.219353 seconds.
  path: Assets/TextureOutput/Red_0.png
  artifactKey: Guid(ec926727499c91548ac3fcb6c8776335) Importer(815301076,1909f56bfc062723c751e8b465ee728b)
Start importing Assets/TextureOutput/Red_0.png using Guid(ec926727499c91548ac3fcb6c8776335) Importer(815301076,1909f56bfc062723c751e8b465ee728b)  -> (artifact id: 'a946c560a90010eabed24e7ff83aab39') in 0.015914 seconds
  Import took 0.018108 seconds .

========================================================================
Received Import Request.
  Time since last request: 0.000183 seconds.
  path: Assets/TextureOutput/Red_13.png
  artifactKey: Guid(b278a2a7692af854dae2094ee2ad44ce) Importer(815301076,1909f56bfc062723c751e8b465ee728b)
Start importing Assets/TextureOutput/Red_13.png using Guid(b278a2a7692af854dae2094ee2ad44ce) Importer(815301076,1909f56bfc062723c751e8b465ee728b)  -> (artifact id: '1e3d843aad94d810758d65a70dcff248') in 0.011822 seconds
  Import took 0.013888 seconds .

========================================================================
Received Import Request.
  Time since last request: 0.000151 seconds.
  path: Assets/TextureOutput/Red_7.png
  artifactKey: Guid(3bbaa52de4acc9247a49070016e31f45) Importer(815301076,1909f56bfc062723c751e8b465ee728b)
Start importing Assets/TextureOutput/Red_7.png using Guid(3bbaa52de4acc9247a49070016e31f45) Importer(815301076,1909f56bfc062723c751e8b465ee728b)  -> (artifact id: '60c96f2f9c9b59e2e839a9165fdf8599') in 0.009664 seconds
  Import took 0.011573 seconds .

========================================================================
Received Import Request.
  Time since last request: 0.000192 seconds.
  path: Assets/TextureOutput/Red_6.png
  artifactKey: Guid(ae0d4f27333f1b1449375e7e30249778) Importer(815301076,1909f56bfc062723c751e8b465ee728b)
Start importing Assets/TextureOutput/Red_6.png using Guid(ae0d4f27333f1b1449375e7e30249778) Importer(815301076,1909f56bfc062723c751e8b465ee728b)  -> (artifact id: 'ca2972d095bc1fbfc3f49267d8c24887') in 0.013229 seconds
  Import took 0.015114 seconds .

========================================================================
Received Import Request.
  Time since last request: 0.000215 seconds.
  path: Assets/TextureOutput/Red_12.png
  artifactKey: Guid(fa9027dcfe78a334cbcd1bc7140da9e8) Importer(815301076,1909f56bfc062723c751e8b465ee728b)
Start importing Assets/TextureOutput/Red_12.png using Guid(fa9027dcfe78a334cbcd1bc7140da9e8) Importer(815301076,1909f56bfc062723c751e8b465ee728b)  -> (artifact id: 'd95f9a8115f80891ae6abaef050210af') in 0.010501 seconds
  Import took 0.012422 seconds .

========================================================================
Received Import Request.
  Time since last request: 0.000185 seconds.
  path: Assets/TextureOutput/Red_4.png
  artifactKey: Guid(1a5772eda5cb9e942a9d68789d8405cf) Importer(815301076,1909f56bfc062723c751e8b465ee728b)
Start importing Assets/TextureOutput/Red_4.png using Guid(1a5772eda5cb9e942a9d68789d8405cf) Importer(815301076,1909f56bfc062723c751e8b465ee728b)  -> (artifact id: 'dd8b9b0860e14eb716e8cb0de13ab900') in 0.010359 seconds
  Import took 0.012306 seconds .

========================================================================
Received Import Request.
  Time since last request: 0.000349 seconds.
  path: Assets/TextureOutput/Red_10.png
  artifactKey: Guid(574ac064b4fb3f4468ad5ad652039371) Importer(815301076,1909f56bfc062723c751e8b465ee728b)
Start importing Assets/TextureOutput/Red_10.png using Guid(574ac064b4fb3f4468ad5ad652039371) Importer(815301076,1909f56bfc062723c751e8b465ee728b)  -> (artifact id: 'bc923c90f5f4d48d3ce45acfed12ebb9') in 0.011561 seconds
  Import took 0.013565 seconds .

========================================================================
Received Import Request.
  Time since last request: 0.000233 seconds.
  path: Assets/TextureOutput/Red_3.png
  artifactKey: Guid(52f91cfcf8f419a4ea16949f9174d3e6) Importer(815301076,1909f56bfc062723c751e8b465ee728b)
Start importing Assets/TextureOutput/Red_3.png using Guid(52f91cfcf8f419a4ea16949f9174d3e6) Importer(815301076,1909f56bfc062723c751e8b465ee728b)  -> (artifact id: 'b37221c885c00db6dccbc68bbc8068d4') in 0.012723 seconds
  Import took 0.014516 seconds .

========================================================================
Received Import Request.
  Time since last request: 0.000189 seconds.
  path: Assets/TextureOutput/Red_11.png
  artifactKey: Guid(d95f7b71089669345962516082929501) Importer(815301076,1909f56bfc062723c751e8b465ee728b)
Start importing Assets/TextureOutput/Red_11.png using Guid(d95f7b71089669345962516082929501) Importer(815301076,1909f56bfc062723c751e8b465ee728b)  -> (artifact id: 'f39b1f6eb4b818e81985a013ba2a2d44') in 0.012137 seconds
  Import took 0.013943 seconds .

========================================================================
Received Import Request.
  Time since last request: 0.000206 seconds.
  path: Assets/TextureOutput/Red_2.png
  artifactKey: Guid(7745535d9e27ba84ba287059b4a8abd7) Importer(815301076,1909f56bfc062723c751e8b465ee728b)
Start importing Assets/TextureOutput/Red_2.png using Guid(7745535d9e27ba84ba287059b4a8abd7) Importer(815301076,1909f56bfc062723c751e8b465ee728b)  -> (artifact id: 'bf618f425b4c54a620cbae080a78f711') in 0.015586 seconds
  Import took 0.017818 seconds .

========================================================================
Received Import Request.
  Time since last request: 0.000210 seconds.
  path: Assets/TextureOutput/Red_5.png
  artifactKey: Guid(62b087401c568b44b98e1f8e3ac30da6) Importer(815301076,1909f56bfc062723c751e8b465ee728b)
Start importing Assets/TextureOutput/Red_5.png using Guid(62b087401c568b44b98e1f8e3ac30da6) Importer(815301076,1909f56bfc062723c751e8b465ee728b)  -> (artifact id: 'd27f758999b1de8918996f3a918fa572') in 0.010043 seconds
  Import took 0.012261 seconds .

========================================================================
Received Import Request.
  Time since last request: 0.000188 seconds.
  path: Assets/TextureOutput/Red_1.png
  artifactKey: Guid(db005e03a6139174a8552553e3b148f7) Importer(815301076,1909f56bfc062723c751e8b465ee728b)
Start importing Assets/TextureOutput/Red_1.png using Guid(db005e03a6139174a8552553e3b148f7) Importer(815301076,1909f56bfc062723c751e8b465ee728b)  -> (artifact id: '7a7da2ca81aed91c8a3d577f8415756c') in 0.011067 seconds
  Import took 0.013003 seconds .

========================================================================
Received Import Request.
  Time since last request: 0.000160 seconds.
  path: Assets/TextureOutput/Red_9.png
  artifactKey: Guid(8f1ebd93c4cd9784287fb1fb2b0fbd8c) Importer(815301076,1909f56bfc062723c751e8b465ee728b)
Start importing Assets/TextureOutput/Red_9.png using Guid(8f1ebd93c4cd9784287fb1fb2b0fbd8c) Importer(815301076,1909f56bfc062723c751e8b465ee728b)  -> (artifact id: 'a5069154b8f162f9ddb33140f27853eb') in 0.009781 seconds
  Import took 0.011515 seconds .

========================================================================
Received Import Request.
  Time since last request: 0.000180 seconds.
  path: Assets/TextureOutput/Red_14.png
  artifactKey: Guid(f31a66976acf11c408528f2d17c28ed7) Importer(815301076,1909f56bfc062723c751e8b465ee728b)
Start importing Assets/TextureOutput/Red_14.png using Guid(f31a66976acf11c408528f2d17c28ed7) Importer(815301076,1909f56bfc062723c751e8b465ee728b)  -> (artifact id: '49f0b8766a8209459b530967eb7939ab') in 0.009837 seconds
  Import took 0.011681 seconds .

========================================================================
Received Import Request.
  Time since last request: 0.000195 seconds.
  path: Assets/TextureOutput/Red_8.png
  artifactKey: Guid(0dbdeaa8b2249a04d949535a9b300a28) Importer(815301076,1909f56bfc062723c751e8b465ee728b)
Start importing Assets/TextureOutput/Red_8.png using Guid(0dbdeaa8b2249a04d949535a9b300a28) Importer(815301076,1909f56bfc062723c751e8b465ee728b)  -> (artifact id: 'd84dcaf461816dc66dafb30a0c55381d') in 0.011966 seconds
  Import took 0.013999 seconds .

========================================================================
Received Import Request.
  Time since last request: 26.615146 seconds.
  path: Assets/TextureOutput/Purple0.png
  artifactKey: Guid(b2f4e2e8d3aef5e40a6183773e987995) Importer(815301076,1909f56bfc062723c751e8b465ee728b)
Start importing Assets/TextureOutput/Purple0.png using Guid(b2f4e2e8d3aef5e40a6183773e987995) Importer(815301076,1909f56bfc062723c751e8b465ee728b)  -> (artifact id: '73060a101b84b289267014a3d863dac5') in 0.016654 seconds
  Import took 0.018891 seconds .

========================================================================
Received Import Request.
  Time since last request: 0.000173 seconds.
  path: Assets/TextureOutput/Purple1.png
  artifactKey: Guid(ccac50d19b8f2e742a8434b983e36648) Importer(815301076,1909f56bfc062723c751e8b465ee728b)
Start importing Assets/TextureOutput/Purple1.png using Guid(ccac50d19b8f2e742a8434b983e36648) Importer(815301076,1909f56bfc062723c751e8b465ee728b)  -> (artifact id: 'c83e5b34333f03b162a27a98f825f91f') in 0.009898 seconds
  Import took 0.011749 seconds .

========================================================================
Received Import Request.
  Time since last request: 0.000180 seconds.
  path: Assets/TextureOutput/Purple3.png
  artifactKey: Guid(de8ba6bb790114447bf8a903646c0986) Importer(815301076,1909f56bfc062723c751e8b465ee728b)
Start importing Assets/TextureOutput/Purple3.png using Guid(de8ba6bb790114447bf8a903646c0986) Importer(815301076,1909f56bfc062723c751e8b465ee728b)  -> (artifact id: '563f736377fd8127f5de6f2df43f7f60') in 0.012273 seconds
  Import took 0.014006 seconds .

========================================================================
Received Import Request.
  Time since last request: 0.000200 seconds.
  path: Assets/TextureOutput/Purple2.png
  artifactKey: Guid(e993934ecde7bf24098f1c7ff6ec6593) Importer(815301076,1909f56bfc062723c751e8b465ee728b)
Start importing Assets/TextureOutput/Purple2.png using Guid(e993934ecde7bf24098f1c7ff6ec6593) Importer(815301076,1909f56bfc062723c751e8b465ee728b)  -> (artifact id: '586620b11d2b6a7fdcdda2ef0440a370') in 0.013534 seconds
  Import took 0.015230 seconds .

========================================================================
Received Import Request.
  Time since last request: 0.000195 seconds.
  path: Assets/TextureOutput/Purple7.png
  artifactKey: Guid(d4a17b5bd6fd17a478631f110972c034) Importer(815301076,1909f56bfc062723c751e8b465ee728b)
Start importing Assets/TextureOutput/Purple7.png using Guid(d4a17b5bd6fd17a478631f110972c034) Importer(815301076,1909f56bfc062723c751e8b465ee728b)  -> (artifact id: '59984d0f28ef7a477d7399bfb7f19796') in 0.010823 seconds
  Import took 0.012838 seconds .

========================================================================
Received Import Request.
  Time since last request: 0.000189 seconds.
  path: Assets/TextureOutput/Purple12.png
  artifactKey: Guid(d24078366f4d0934eb4e3c3e147070fa) Importer(815301076,1909f56bfc062723c751e8b465ee728b)
Start importing Assets/TextureOutput/Purple12.png using Guid(d24078366f4d0934eb4e3c3e147070fa) Importer(815301076,1909f56bfc062723c751e8b465ee728b)  -> (artifact id: '6ff65b717f73c4ebbcf11ab08f495fcd') in 0.011274 seconds
  Import took 0.013402 seconds .

========================================================================
Received Import Request.
  Time since last request: 0.000155 seconds.
  path: Assets/TextureOutput/Purple8.png
  artifactKey: Guid(510a87e22e2a6e6439c7478ef753b14d) Importer(815301076,1909f56bfc062723c751e8b465ee728b)
Start importing Assets/TextureOutput/Purple8.png using Guid(510a87e22e2a6e6439c7478ef753b14d) Importer(815301076,1909f56bfc062723c751e8b465ee728b)  -> (artifact id: 'ce03e1061de8804e92f0bd5638e32772') in 0.011420 seconds
  Import took 0.013338 seconds .

========================================================================
Received Import Request.
  Time since last request: 0.000181 seconds.
  path: Assets/TextureOutput/Purple4.png
  artifactKey: Guid(1c97624f4cb043347b728b0be2d0f654) Importer(815301076,1909f56bfc062723c751e8b465ee728b)
Start importing Assets/TextureOutput/Purple4.png using Guid(1c97624f4cb043347b728b0be2d0f654) Importer(815301076,1909f56bfc062723c751e8b465ee728b)  -> (artifact id: 'f1151a79678a65779696985a7d83365e') in 0.011636 seconds
  Import took 0.013732 seconds .

========================================================================
Received Import Request.
  Time since last request: 0.000162 seconds.
  path: Assets/TextureOutput/Purple6.png
  artifactKey: Guid(15fd9d9e95d7e1b418f107f0c1d204cf) Importer(815301076,1909f56bfc062723c751e8b465ee728b)
Start importing Assets/TextureOutput/Purple6.png using Guid(15fd9d9e95d7e1b418f107f0c1d204cf) Importer(815301076,1909f56bfc062723c751e8b465ee728b)  -> (artifact id: 'd91e0597023a6fee2592acff5b91c919') in 0.010939 seconds
  Import took 0.012896 seconds .

========================================================================
Received Import Request.
  Time since last request: 0.000204 seconds.
  path: Assets/TextureOutput/Purple14.png
  artifactKey: Guid(2a8440f07621b0047a7a678e34c985fa) Importer(815301076,1909f56bfc062723c751e8b465ee728b)
Start importing Assets/TextureOutput/Purple14.png using Guid(2a8440f07621b0047a7a678e34c985fa) Importer(815301076,1909f56bfc062723c751e8b465ee728b)  -> (artifact id: '36466f5591f5a0439546c2dd4de6b948') in 0.012044 seconds
  Import took 0.014039 seconds .

========================================================================
Received Import Request.
  Time since last request: 0.000186 seconds.
  path: Assets/TextureOutput/Purple5.png
  artifactKey: Guid(64357c83d9cccde46b5d9a4555e9a066) Importer(815301076,1909f56bfc062723c751e8b465ee728b)
Start importing Assets/TextureOutput/Purple5.png using Guid(64357c83d9cccde46b5d9a4555e9a066) Importer(815301076,1909f56bfc062723c751e8b465ee728b)  -> (artifact id: '3eb3b02909fbac526bdd84d85e125dd0') in 0.012292 seconds
  Import took 0.014412 seconds .

========================================================================
Received Import Request.
  Time since last request: 0.000197 seconds.
  path: Assets/TextureOutput/Purple11.png
  artifactKey: Guid(2837f94a6807a0c43971e65837a05a43) Importer(815301076,1909f56bfc062723c751e8b465ee728b)
Start importing Assets/TextureOutput/Purple11.png using Guid(2837f94a6807a0c43971e65837a05a43) Importer(815301076,1909f56bfc062723c751e8b465ee728b)  -> (artifact id: '428e5f7a632ed3aaede2e35555e8ba1a') in 0.011862 seconds
  Import took 0.013612 seconds .

========================================================================
Received Import Request.
  Time since last request: 0.000184 seconds.
  path: Assets/TextureOutput/Purple10.png
  artifactKey: Guid(21c252f5f3fa32e42a579c9e51ee9af6) Importer(815301076,1909f56bfc062723c751e8b465ee728b)
Start importing Assets/TextureOutput/Purple10.png using Guid(21c252f5f3fa32e42a579c9e51ee9af6) Importer(815301076,1909f56bfc062723c751e8b465ee728b)  -> (artifact id: 'e58103733607598dd499d2fc7a305163') in 0.011327 seconds
  Import took 0.013098 seconds .

========================================================================
Received Import Request.
  Time since last request: 0.000246 seconds.
  path: Assets/TextureOutput/Purple9.png
  artifactKey: Guid(094887d038dfbad439042712a6772411) Importer(815301076,1909f56bfc062723c751e8b465ee728b)
Start importing Assets/TextureOutput/Purple9.png using Guid(094887d038dfbad439042712a6772411) Importer(815301076,1909f56bfc062723c751e8b465ee728b)  -> (artifact id: 'd22775c59d42fb3ef1d774d5b786a519') in 0.011557 seconds
  Import took 0.013802 seconds .

========================================================================
Received Import Request.
  Time since last request: 0.000164 seconds.
  path: Assets/TextureOutput/Purple13.png
  artifactKey: Guid(9547805449adb494fb33e7a13d05b9df) Importer(815301076,1909f56bfc062723c751e8b465ee728b)
Start importing Assets/TextureOutput/Purple13.png using Guid(9547805449adb494fb33e7a13d05b9df) Importer(815301076,1909f56bfc062723c751e8b465ee728b)  -> (artifact id: '2978815f551a9a6cf0f29725104ed529') in 0.011192 seconds
  Import took 0.013396 seconds .

========================================================================
Received Import Request.
  Time since last request: 56.441009 seconds.
  path: Assets/TextureOutput/Gray_0.png
  artifactKey: Guid(e856ad7664194e3428ad5597284aa69b) Importer(815301076,1909f56bfc062723c751e8b465ee728b)
Start importing Assets/TextureOutput/Gray_0.png using Guid(e856ad7664194e3428ad5597284aa69b) Importer(815301076,1909f56bfc062723c751e8b465ee728b)  -> (artifact id: '89410d3cfad24c20592d5e75a3b89f0c') in 0.020264 seconds
  Import took 0.022513 seconds .

========================================================================
Received Import Request.
  Time since last request: 0.000214 seconds.
  path: Assets/TextureOutput/Gray_9.png
  artifactKey: Guid(ae6d319935cd08147aedffa575460fe0) Importer(815301076,1909f56bfc062723c751e8b465ee728b)
Start importing Assets/TextureOutput/Gray_9.png using Guid(ae6d319935cd08147aedffa575460fe0) Importer(815301076,1909f56bfc062723c751e8b465ee728b)  -> (artifact id: '6712b30205e197b1674d9f0507e379d9') in 0.011995 seconds
  Import took 0.013742 seconds .

========================================================================
Received Import Request.
  Time since last request: 0.000201 seconds.
  path: Assets/TextureOutput/Gray_12.png
  artifactKey: Guid(89038cc1c84cad1469fed0387454b373) Importer(815301076,1909f56bfc062723c751e8b465ee728b)
Start importing Assets/TextureOutput/Gray_12.png using Guid(89038cc1c84cad1469fed0387454b373) Importer(815301076,1909f56bfc062723c751e8b465ee728b)  -> (artifact id: 'd7361fe214883057617028cc6a01ae7b') in 0.010987 seconds
  Import took 0.013134 seconds .

========================================================================
Received Import Request.
  Time since last request: 0.000163 seconds.
  path: Assets/TextureOutput/Gray_8.png
  artifactKey: Guid(b0df8cf45a9432f46856ec23c79d8e36) Importer(815301076,1909f56bfc062723c751e8b465ee728b)
Start importing Assets/TextureOutput/Gray_8.png using Guid(b0df8cf45a9432f46856ec23c79d8e36) Importer(815301076,1909f56bfc062723c751e8b465ee728b)  -> (artifact id: '5d0af6b04f02ff65f44ad1a6c732e9dc') in 0.013602 seconds
  Import took 0.015523 seconds .

========================================================================
Received Import Request.
  Time since last request: 0.000211 seconds.
  path: Assets/TextureOutput/Gray_2.png
  artifactKey: Guid(3e1996b7f87aa3f428ebb3bf3f1e8137) Importer(815301076,1909f56bfc062723c751e8b465ee728b)
Start importing Assets/TextureOutput/Gray_2.png using Guid(3e1996b7f87aa3f428ebb3bf3f1e8137) Importer(815301076,1909f56bfc062723c751e8b465ee728b)  -> (artifact id: '0aab81ad1d4e52b223ed76bd59e3addc') in 0.012144 seconds
  Import took 0.014470 seconds .

========================================================================
Received Import Request.
  Time since last request: 0.000223 seconds.
  path: Assets/TextureOutput/Gray_11.png
  artifactKey: Guid(773d4e3689ba32c48aa56170d37020ce) Importer(815301076,1909f56bfc062723c751e8b465ee728b)
Start importing Assets/TextureOutput/Gray_11.png using Guid(773d4e3689ba32c48aa56170d37020ce) Importer(815301076,1909f56bfc062723c751e8b465ee728b)  -> (artifact id: '7f09fdbc3718ccb21863db76e335c895') in 0.010466 seconds
  Import took 0.012453 seconds .

========================================================================
Received Import Request.
  Time since last request: 0.000174 seconds.
  path: Assets/TextureOutput/Gray_13.png
  artifactKey: Guid(f07bf82236238fe49bbc6cd5c0919b02) Importer(815301076,1909f56bfc062723c751e8b465ee728b)
Start importing Assets/TextureOutput/Gray_13.png using Guid(f07bf82236238fe49bbc6cd5c0919b02) Importer(815301076,1909f56bfc062723c751e8b465ee728b)  -> (artifact id: 'fc35171eec3d90e45b66ebdf3fd875bc') in 0.010495 seconds
  Import took 0.012594 seconds .

========================================================================
Received Import Request.
  Time since last request: 0.000244 seconds.
  path: Assets/TextureOutput/Gray_6.png
  artifactKey: Guid(f34f59408124e0b49a4900213bd59b29) Importer(815301076,1909f56bfc062723c751e8b465ee728b)
Start importing Assets/TextureOutput/Gray_6.png using Guid(f34f59408124e0b49a4900213bd59b29) Importer(815301076,1909f56bfc062723c751e8b465ee728b)  -> (artifact id: '36c5308d2b78b65e139504bedb9a4cd6') in 0.011002 seconds
  Import took 0.013166 seconds .

========================================================================
Received Import Request.
  Time since last request: 0.000229 seconds.
  path: Assets/TextureOutput/Gray_1.png
  artifactKey: Guid(2c04b3089792aff45991cb94848d54e9) Importer(815301076,1909f56bfc062723c751e8b465ee728b)
Start importing Assets/TextureOutput/Gray_1.png using Guid(2c04b3089792aff45991cb94848d54e9) Importer(815301076,1909f56bfc062723c751e8b465ee728b)  -> (artifact id: '61179fa85cfa27abc5572bbd39de25de') in 0.011505 seconds
  Import took 0.013520 seconds .

========================================================================
Received Import Request.
  Time since last request: 0.000190 seconds.
  path: Assets/TextureOutput/Gray_14.png
  artifactKey: Guid(f2cfa9a5a7777b2419a7deafb491aa52) Importer(815301076,1909f56bfc062723c751e8b465ee728b)
Start importing Assets/TextureOutput/Gray_14.png using Guid(f2cfa9a5a7777b2419a7deafb491aa52) Importer(815301076,1909f56bfc062723c751e8b465ee728b)  -> (artifact id: '4a1a2699158c80e121f45c7f63a6a3ab') in 0.015988 seconds
  Import took 0.017822 seconds .

========================================================================
Received Import Request.
  Time since last request: 0.000215 seconds.
  path: Assets/TextureOutput/Gray_7.png
  artifactKey: Guid(6e1027145a471434bb7112dc3c3f5f62) Importer(815301076,1909f56bfc062723c751e8b465ee728b)
Start importing Assets/TextureOutput/Gray_7.png using Guid(6e1027145a471434bb7112dc3c3f5f62) Importer(815301076,1909f56bfc062723c751e8b465ee728b)  -> (artifact id: '52a3733b6e29595809bca9d180f8e6a5') in 0.011604 seconds
  Import took 0.013753 seconds .

========================================================================
Received Import Request.
  Time since last request: 0.000199 seconds.
  path: Assets/TextureOutput/Gray_4.png
  artifactKey: Guid(2d2dfa98352b1e5489448d552a77b056) Importer(815301076,1909f56bfc062723c751e8b465ee728b)
Start importing Assets/TextureOutput/Gray_4.png using Guid(2d2dfa98352b1e5489448d552a77b056) Importer(815301076,1909f56bfc062723c751e8b465ee728b)  -> (artifact id: '4e21c7a6f89b730ce75eaf9bd1b2b215') in 0.014493 seconds
  Import took 0.016280 seconds .

========================================================================
Received Import Request.
  Time since last request: 0.000175 seconds.
  path: Assets/TextureOutput/Gray_10.png
  artifactKey: Guid(91d682a4ad8344642aa254d554bc20b4) Importer(815301076,1909f56bfc062723c751e8b465ee728b)
Start importing Assets/TextureOutput/Gray_10.png using Guid(91d682a4ad8344642aa254d554bc20b4) Importer(815301076,1909f56bfc062723c751e8b465ee728b)  -> (artifact id: '6e0fd898fbcc66ca5cac8315eb9b66c7') in 0.019690 seconds
  Import took 0.021461 seconds .

========================================================================
Received Import Request.
  Time since last request: 0.000163 seconds.
  path: Assets/TextureOutput/Gray_3.png
  artifactKey: Guid(45b2b4d07ea1e9a4ba83558f43f35ebc) Importer(815301076,1909f56bfc062723c751e8b465ee728b)
Start importing Assets/TextureOutput/Gray_3.png using Guid(45b2b4d07ea1e9a4ba83558f43f35ebc) Importer(815301076,1909f56bfc062723c751e8b465ee728b)  -> (artifact id: '874bf2c2add34b1a76784bd98cfe2a75') in 0.011141 seconds
  Import took 0.013121 seconds .

========================================================================
Received Import Request.
  Time since last request: 0.000216 seconds.
  path: Assets/TextureOutput/Gray_5.png
  artifactKey: Guid(b8b72033d75859443b6dfe0121c469d4) Importer(815301076,1909f56bfc062723c751e8b465ee728b)
Start importing Assets/TextureOutput/Gray_5.png using Guid(b8b72033d75859443b6dfe0121c469d4) Importer(815301076,1909f56bfc062723c751e8b465ee728b)  -> (artifact id: '87484657a10f773a4013c2d55b7a753d') in 0.011840 seconds
  Import took 0.013893 seconds .

========================================================================
Received Prepare
Registering precompiled user dll's ...
Registered in 0.000695 seconds.
Begin MonoManager ReloadAssembly
Native extension for WindowsStandalone target not found
Refreshing native plugins compatible for Editor in 0.74 ms, found 0 plugins.
Preloading 0 native plugins for Editor in 0.00 ms.
Invoked RoslynAnalysisRunner static constructor.
RoslynAnalysisRunner will not be running.
RoslynAnalysisRunner has terminated.
Mono: successfully reloaded assembly
- Completed reload, in  0.723 seconds
Platform modules already initialized, skipping
Refreshing native plugins compatible for Editor in 0.26 ms, found 0 plugins.
Preloading 0 native plugins for Editor in 0.00 ms.
Unloading 1103 Unused Serialized files (Serialized files now loaded: 0)
System memory in use before: 57.8 MB.
System memory in use after: 57.9 MB.

Unloading 5 unused Assets to reduce memory usage. Loaded Objects now: 1576.
Total: 1.822400 ms (FindLiveObjects: 0.202000 ms CreateObjectMapping: 0.028400 ms MarkObjects: 1.514700 ms  DeleteObjects: 0.075700 ms)

========================================================================
Received Prepare
Registering precompiled user dll's ...
Registered in 0.000781 seconds.
Begin MonoManager ReloadAssembly
Native extension for WindowsStandalone target not found
Refreshing native plugins compatible for Editor in 0.27 ms, found 0 plugins.
Preloading 0 native plugins for Editor in 0.00 ms.
Invoked RoslynAnalysisRunner static constructor.
RoslynAnalysisRunner will not be running.
RoslynAnalysisRunner has terminated.
Mono: successfully reloaded assembly
- Completed reload, in  0.698 seconds
Platform modules already initialized, skipping
Refreshing native plugins compatible for Editor in 0.27 ms, found 0 plugins.
Preloading 0 native plugins for Editor in 0.00 ms.
Unloading 1103 Unused Serialized files (Serialized files now loaded: 0)
System memory in use before: 57.8 MB.
System memory in use after: 57.9 MB.

Unloading 5 unused Assets to reduce memory usage. Loaded Objects now: 1578.
Total: 2.432600 ms (FindLiveObjects: 0.265300 ms CreateObjectMapping: 0.029300 ms MarkObjects: 2.007100 ms  DeleteObjects: 0.128300 ms)

========================================================================
Received Prepare
Registering precompiled user dll's ...
Registered in 0.000607 seconds.
Begin MonoManager ReloadAssembly
Native extension for WindowsStandalone target not found
Refreshing native plugins compatible for Editor in 0.26 ms, found 0 plugins.
Preloading 0 native plugins for Editor in 0.00 ms.
Invoked RoslynAnalysisRunner static constructor.
RoslynAnalysisRunner will not be running.
RoslynAnalysisRunner has terminated.
Mono: successfully reloaded assembly
- Completed reload, in  0.664 seconds
Platform modules already initialized, skipping
Refreshing native plugins compatible for Editor in 0.25 ms, found 0 plugins.
Preloading 0 native plugins for Editor in 0.00 ms.
Unloading 1103 Unused Serialized files (Serialized files now loaded: 0)
System memory in use before: 57.9 MB.
System memory in use after: 58.0 MB.

Unloading 5 unused Assets to reduce memory usage. Loaded Objects now: 1580.
Total: 1.667700 ms (FindLiveObjects: 0.181100 ms CreateObjectMapping: 0.024700 ms MarkObjects: 1.397300 ms  DeleteObjects: 0.063400 ms)

========================================================================
Received Import Request.
  Time since last request: 5257.113969 seconds.
  path: Assets/TextureOutput0.png
  artifactKey: Guid(fa2b75a041d8c00448ba6ff14ba01ae7) Importer(815301076,1909f56bfc062723c751e8b465ee728b)
Start importing Assets/TextureOutput0.png using Guid(fa2b75a041d8c00448ba6ff14ba01ae7) Importer(815301076,1909f56bfc062723c751e8b465ee728b)  -> (artifact id: 'f5125045d9c8e975a754535d29a62700') in 0.033131 seconds
  Import took 0.035427 seconds .

========================================================================
Received Import Request.
  Time since last request: 0.000188 seconds.
  path: Assets/TextureOutput1.png
  artifactKey: Guid(a69e17ee05180f549811ef085b6dfac8) Importer(815301076,1909f56bfc062723c751e8b465ee728b)
Start importing Assets/TextureOutput1.png using Guid(a69e17ee05180f549811ef085b6dfac8) Importer(815301076,1909f56bfc062723c751e8b465ee728b)  -> (artifact id: 'acc8289b3cb3820530aecb919119e37a') in 0.013721 seconds
  Import took 0.015762 seconds .

========================================================================
Received Import Request.
  Time since last request: 0.000221 seconds.
  path: Assets/TextureOutput2.png
  artifactKey: Guid(ff723049db1eb3f4791678e097a4b7d5) Importer(815301076,1909f56bfc062723c751e8b465ee728b)
Start importing Assets/TextureOutput2.png using Guid(ff723049db1eb3f4791678e097a4b7d5) Importer(815301076,1909f56bfc062723c751e8b465ee728b)  -> (artifact id: '628ba78a10593b7548569077fccb2f7b') in 0.010898 seconds
  Import took 0.012871 seconds .

========================================================================
Received Prepare
Registering precompiled user dll's ...
Registered in 0.000701 seconds.
Begin MonoManager ReloadAssembly
Native extension for WindowsStandalone target not found
Refreshing native plugins compatible for Editor in 0.26 ms, found 0 plugins.
Preloading 0 native plugins for Editor in 0.00 ms.
Invoked RoslynAnalysisRunner static constructor.
RoslynAnalysisRunner will not be running.
RoslynAnalysisRunner has terminated.
Mono: successfully reloaded assembly
- Completed reload, in  0.659 seconds
Platform modules already initialized, skipping
Refreshing native plugins compatible for Editor in 0.26 ms, found 0 plugins.
Preloading 0 native plugins for Editor in 0.00 ms.
Unloading 1103 Unused Serialized files (Serialized files now loaded: 0)
System memory in use before: 57.9 MB.
System memory in use after: 58.0 MB.

Unloading 5 unused Assets to reduce memory usage. Loaded Objects now: 1582.
Total: 1.789200 ms (FindLiveObjects: 0.256200 ms CreateObjectMapping: 0.026700 ms MarkObjects: 1.441400 ms  DeleteObjects: 0.063800 ms)

========================================================================
Received Import Request.
  Time since last request: 27.061456 seconds.
  path: Assets/TextureOutput/Sun_0.png
  artifactKey: Guid(f36be4e5c21f23941b1e35fc69a980c9) Importer(815301076,1909f56bfc062723c751e8b465ee728b)
Start importing Assets/TextureOutput/Sun_0.png using Guid(f36be4e5c21f23941b1e35fc69a980c9) Importer(815301076,1909f56bfc062723c751e8b465ee728b)  -> (artifact id: 'cd1eece4b6eb11306de28799a5a69c75') in 0.030677 seconds
  Import took 0.032779 seconds .

========================================================================
Received Import Request.
  Time since last request: 0.000179 seconds.
  path: Assets/TextureOutput/Sun_2.png
  artifactKey: Guid(6be7a64a2a584e747a56940deb18f9fc) Importer(815301076,1909f56bfc062723c751e8b465ee728b)
Start importing Assets/TextureOutput/Sun_2.png using Guid(6be7a64a2a584e747a56940deb18f9fc) Importer(815301076,1909f56bfc062723c751e8b465ee728b)  -> (artifact id: '0d96f9253404899debf6f0cf76de2980') in 0.011036 seconds
  Import took 0.013176 seconds .

========================================================================
Received Import Request.
  Time since last request: 0.000185 seconds.
  path: Assets/TextureOutput/Sun_1.png
  artifactKey: Guid(1b42be56596e7a3469022f2aff69be71) Importer(815301076,1909f56bfc062723c751e8b465ee728b)
Start importing Assets/TextureOutput/Sun_1.png using Guid(1b42be56596e7a3469022f2aff69be71) Importer(815301076,1909f56bfc062723c751e8b465ee728b)  -> (artifact id: '0e21178ae309c5e9c453b9a7acbdedd1') in 0.016672 seconds
  Import took 0.018428 seconds .

AssetImportWorkerClient::OnTransportError - code=2 error=End of file
